<?xml version="1.0" encoding="UTF-8"?>
<!-- Generated by org.testng.reporters.JUnitXMLReporter -->
<testsuite ignored="0" hostname="DESKTOP-T7UIKIC" failures="0" tests="3" name="Test" time="98.489" errors="0" timestamp="2026-02-16T14:30:01 IST">
  <testcase classname="Testpages.Maven_AmazonProject.TC2_Loginwith_validcreds" name="register" time="18.742"/>
  <testcase classname="Testpages.Maven_AmazonProject.TC4_Editprofileinfo" name="profile" time="19.362"/>
  <testcase classname="Testpages.Maven_AmazonProject.TC5_SerachProduct" name="searching" time="37.392"/>
</testsuite> <!-- Test -->
