<?xml version="1.0" encoding="UTF-8"?>
<!-- Generated by org.testng.reporters.JUnitXMLReporter -->
<testsuite ignored="0" hostname="DESKTOP-T7UIKIC" failures="0" tests="3" name="Test" time="94.151" errors="0" timestamp="2026-02-16T14:47:48 IST">
  <testcase classname="Testpages.Maven_AmazonProject.TC2_Loginwith_validcreds" name="register" time="19.23"/>
  <testcase classname="Testpages.Maven_AmazonProject.TC4_Editprofileinfo" name="profile" time="16.77"/>
  <testcase classname="Testpages.Maven_AmazonProject.TC5_SerachProduct" name="searching" time="27.343"/>
</testsuite> <!-- Test -->
