<?xml version="1.0" encoding="UTF-8"?>
<testng-results ignored="0" total="3" passed="3" failed="0" skipped="0">
  <reporter-output>
  </reporter-output>
  <suite started-at="2026-02-16T14:46:14 IST" name="Suite" finished-at="2026-02-16T14:47:48 IST" duration-ms="94151">
    <groups>
    </groups>
    <test started-at="2026-02-16T14:46:14 IST" name="Test" finished-at="2026-02-16T14:47:48 IST" duration-ms="94151">
      <class name="Testpages.Maven_AmazonProject.TC5_SerachProduct">
        <test-method is-config="true" signature="browserlaunch(java.lang.String)[pri:0, instance:Testpages.Maven_AmazonProject.TC5_SerachProduct@2a798d51]" started-at="2026-02-16T14:47:15 IST" name="browserlaunch" finished-at="2026-02-16T14:47:20 IST" duration-ms="5799" status="PASS">
          <params>
            <param index="0">
              <value>
                <![CDATA[Chrome]]>
              </value>
            </param>
          </params>
          <reporter-output>
          </reporter-output>
        </test-method> <!-- browserlaunch -->
        <test-method signature="searching()[pri:0, instance:Testpages.Maven_AmazonProject.TC5_SerachProduct@2a798d51]" started-at="2026-02-16T14:47:20 IST" name="searching" finished-at="2026-02-16T14:47:48 IST" duration-ms="27343" status="PASS">
          <reporter-output>
          </reporter-output>
        </test-method> <!-- searching -->
      </class> <!-- Testpages.Maven_AmazonProject.TC5_SerachProduct -->
      <class name="Testpages.Maven_AmazonProject.TC4_Editprofileinfo">
        <test-method is-config="true" signature="browserlaunch(java.lang.String)[pri:0, instance:Testpages.Maven_AmazonProject.TC4_Editprofileinfo@6b81ce95]" started-at="2026-02-16T14:46:42 IST" name="browserlaunch" finished-at="2026-02-16T14:46:58 IST" duration-ms="15319" status="PASS">
          <params>
            <param index="0">
              <value>
                <![CDATA[Chrome]]>
              </value>
            </param>
          </params>
          <reporter-output>
          </reporter-output>
        </test-method> <!-- browserlaunch -->
        <test-method signature="profile()[pri:0, instance:Testpages.Maven_AmazonProject.TC4_Editprofileinfo@6b81ce95]" started-at="2026-02-16T14:46:58 IST" name="profile" finished-at="2026-02-16T14:47:14 IST" duration-ms="16770" status="PASS">
          <reporter-output>
          </reporter-output>
        </test-method> <!-- profile -->
      </class> <!-- Testpages.Maven_AmazonProject.TC4_Editprofileinfo -->
      <class name="Testpages.Maven_AmazonProject.TC2_Loginwith_validcreds">
        <test-method is-config="true" signature="browserlaunch(java.lang.String)[pri:0, instance:Testpages.Maven_AmazonProject.TC2_Loginwith_validcreds@1ab3a8c8]" started-at="2026-02-16T14:46:14 IST" name="browserlaunch" finished-at="2026-02-16T14:46:23 IST" duration-ms="9486" status="PASS">
          <params>
            <param index="0">
              <value>
                <![CDATA[Chrome]]>
              </value>
            </param>
          </params>
          <reporter-output>
          </reporter-output>
        </test-method> <!-- browserlaunch -->
        <test-method signature="register()[pri:0, instance:Testpages.Maven_AmazonProject.TC2_Loginwith_validcreds@1ab3a8c8]" started-at="2026-02-16T14:46:23 IST" name="register" finished-at="2026-02-16T14:46:42 IST" duration-ms="19230" status="PASS">
          <reporter-output>
          </reporter-output>
        </test-method> <!-- register -->
      </class> <!-- Testpages.Maven_AmazonProject.TC2_Loginwith_validcreds -->
    </test> <!-- Test -->
  </suite> <!-- Suite -->
</testng-results>
