<?xml version="1.0" encoding="UTF-8"?>
<testng-results ignored="0" total="3" passed="3" failed="0" skipped="0">
  <reporter-output>
  </reporter-output>
  <suite started-at="2026-02-16T14:28:22 IST" name="Suite" finished-at="2026-02-16T14:30:00 IST" duration-ms="98489">
    <groups>
    </groups>
    <test started-at="2026-02-16T14:28:22 IST" name="Test" finished-at="2026-02-16T14:30:00 IST" duration-ms="98489">
      <class name="Testpages.Maven_AmazonProject.TC5_SerachProduct">
        <test-method is-config="true" signature="browserlaunch(java.lang.String)[pri:0, instance:Testpages.Maven_AmazonProject.TC5_SerachProduct@6025e1b6]" started-at="2026-02-16T14:29:14 IST" name="browserlaunch" finished-at="2026-02-16T14:29:21 IST" duration-ms="6871" status="PASS">
          <params>
            <param index="0">
              <value>
                <![CDATA[Chrome]]>
              </value>
            </param>
          </params>
          <reporter-output>
          </reporter-output>
        </test-method> <!-- browserlaunch -->
        <test-method signature="searching()[pri:0, instance:Testpages.Maven_AmazonProject.TC5_SerachProduct@6025e1b6]" started-at="2026-02-16T14:29:21 IST" name="searching" finished-at="2026-02-16T14:29:59 IST" duration-ms="37392" status="PASS">
          <reporter-output>
          </reporter-output>
        </test-method> <!-- searching -->
      </class> <!-- Testpages.Maven_AmazonProject.TC5_SerachProduct -->
      <class name="Testpages.Maven_AmazonProject.TC4_Editprofileinfo">
        <test-method is-config="true" signature="browserlaunch(java.lang.String)[pri:0, instance:Testpages.Maven_AmazonProject.TC4_Editprofileinfo@40a4337a]" started-at="2026-02-16T14:28:47 IST" name="browserlaunch" finished-at="2026-02-16T14:28:55 IST" duration-ms="7872" status="PASS">
          <params>
            <param index="0">
              <value>
                <![CDATA[Chrome]]>
              </value>
            </param>
          </params>
          <reporter-output>
          </reporter-output>
        </test-method> <!-- browserlaunch -->
        <test-method signature="profile()[pri:0, instance:Testpages.Maven_AmazonProject.TC4_Editprofileinfo@40a4337a]" started-at="2026-02-16T14:28:55 IST" name="profile" finished-at="2026-02-16T14:29:14 IST" duration-ms="19362" status="PASS">
          <reporter-output>
          </reporter-output>
        </test-method> <!-- profile -->
      </class> <!-- Testpages.Maven_AmazonProject.TC4_Editprofileinfo -->
      <class name="Testpages.Maven_AmazonProject.TC2_Loginwith_validcreds">
        <test-method is-config="true" signature="browserlaunch(java.lang.String)[pri:0, instance:Testpages.Maven_AmazonProject.TC2_Loginwith_validcreds@4c583ecf]" started-at="2026-02-16T14:28:22 IST" name="browserlaunch" finished-at="2026-02-16T14:28:28 IST" duration-ms="6415" status="PASS">
          <params>
            <param index="0">
              <value>
                <![CDATA[Chrome]]>
              </value>
            </param>
          </params>
          <reporter-output>
          </reporter-output>
        </test-method> <!-- browserlaunch -->
        <test-method signature="register()[pri:0, instance:Testpages.Maven_AmazonProject.TC2_Loginwith_validcreds@4c583ecf]" started-at="2026-02-16T14:28:28 IST" name="register" finished-at="2026-02-16T14:28:47 IST" duration-ms="18742" status="PASS">
          <reporter-output>
          </reporter-output>
        </test-method> <!-- register -->
      </class> <!-- Testpages.Maven_AmazonProject.TC2_Loginwith_validcreds -->
    </test> <!-- Test -->
  </suite> <!-- Suite -->
</testng-results>
